{"/home/nawarian/projects/baikal-home-assist/src/config.ts": {"path":"/home/nawarian/projects/baikal-home-assist/src/config.ts","statementMap":{"0":{"start":{"line":6,"column":39},"end":{"line":6,"column":51}},"1":{"start":{"line":9,"column":31},"end":{"line":9,"column":null}},"2":{"start":{"line":12,"column":32},"end":{"line":12,"column":null}},"3":{"start":{"line":15,"column":28},"end":{"line":15,"column":null}},"4":{"start":{"line":21,"column":2},"end":{"line":21,"column":null}},"5":{"start":{"line":25,"column":2},"end":{"line":25,"column":null}},"6":{"start":{"line":25,"column":17},"end":{"line":25,"column":null}},"7":{"start":{"line":26,"column":2},"end":{"line":26,"column":null}}},"fnMap":{"0":{"name":"setBotUsername","decl":{"start":{"line":20,"column":16},"end":{"line":20,"column":31}},"loc":{"start":{"line":20,"column":67},"end":{"line":21,"column":null}},"line":20},"1":{"name":"isAllowedUser","decl":{"start":{"line":24,"column":16},"end":{"line":24,"column":30}},"loc":{"start":{"line":24,"column":69},"end":{"line":26,"column":null}},"line":24}},"branchMap":{"0":{"loc":{"start":{"line":25,"column":2},"end":{"line":25,"column":null}},"type":"if","locations":[{"start":{"line":25,"column":2},"end":{"line":25,"column":null}},{"start":{},"end":{}}],"line":25}},"s":{"0":2,"1":2,"2":2,"3":2,"4":16,"5":6,"6":2,"7":4},"f":{"0":16,"1":6},"b":{"0":[2,4]},"meta":{"lastBranch":1,"lastFunction":2,"lastStatement":8,"seen":{"s:6:39:6:51":0,"s:9:31:9:Infinity":1,"s:12:32:12:Infinity":2,"s:15:28:15:Infinity":3,"f:20:16:20:31":0,"s:21:2:21:Infinity":4,"f:24:16:24:30":1,"b:25:2:25:Infinity:undefined:undefined:undefined:undefined":0,"s:25:2:25:Infinity":5,"s:25:17:25:Infinity":6,"s:26:2:26:Infinity":7}}}
,"/home/nawarian/projects/baikal-home-assist/src/deepseek-provider.ts": {"path":"/home/nawarian/projects/baikal-home-assist/src/deepseek-provider.ts","statementMap":{"0":{"start":{"line":10,"column":2},"end":{"line":43,"column":null}}},"fnMap":{"0":{"name":"(anonymous_0)","decl":{"start":{"line":9,"column":15},"end":{"line":9,"column":25}},"loc":{"start":{"line":9,"column":49},"end":{"line":43,"column":null}},"line":9}},"branchMap":{},"s":{"0":5},"f":{"0":5},"b":{},"meta":{"lastBranch":0,"lastFunction":1,"lastStatement":1,"seen":{"f:9:15:9:25":0,"s:10:2:43:Infinity":0}}}
,"/home/nawarian/projects/baikal-home-assist/src/engine.ts": {"path":"/home/nawarian/projects/baikal-home-assist/src/engine.ts","statementMap":{"0":{"start":{"line":22,"column":0},"end":{"line":22,"column":null}},"1":{"start":{"line":24,"column":18},"end":{"line":24,"column":85}},"2":{"start":{"line":25,"column":6},"end":{"line":25,"column":37}},"3":{"start":{"line":54,"column":32},"end":{"line":54,"column":34}},"4":{"start":{"line":63,"column":34},"end":{"line":63,"column":36}},"5":{"start":{"line":66,"column":19},"end":{"line":66,"column":null}},"6":{"start":{"line":72,"column":4},"end":{"line":72,"column":null}},"7":{"start":{"line":73,"column":4},"end":{"line":73,"column":null}},"8":{"start":{"line":74,"column":4},"end":{"line":74,"column":null}},"9":{"start":{"line":75,"column":4},"end":{"line":75,"column":null}},"10":{"start":{"line":84,"column":19},"end":{"line":84,"column":null}},"11":{"start":{"line":85,"column":4},"end":{"line":89,"column":null}},"12":{"start":{"line":86,"column":6},"end":{"line":89,"column":null}},"13":{"start":{"line":91,"column":4},"end":{"line":91,"column":null}},"14":{"start":{"line":95,"column":27},"end":{"line":95,"column":54}},"15":{"start":{"line":96,"column":4},"end":{"line":96,"column":null}},"16":{"start":{"line":99,"column":25},"end":{"line":99,"column":40}},"17":{"start":{"line":100,"column":4},"end":{"line":100,"column":null}},"18":{"start":{"line":101,"column":4},"end":{"line":101,"column":null}},"19":{"start":{"line":103,"column":4},"end":{"line":106,"column":null}},"20":{"start":{"line":104,"column":6},"end":{"line":104,"column":null}},"21":{"start":{"line":105,"column":6},"end":{"line":106,"column":null}},"22":{"start":{"line":106,"column":8},"end":{"line":106,"column":null}},"23":{"start":{"line":111,"column":4},"end":{"line":111,"column":null}},"24":{"start":{"line":112,"column":4},"end":{"line":116,"column":null}},"25":{"start":{"line":113,"column":6},"end":{"line":116,"column":null}},"26":{"start":{"line":120,"column":27},"end":{"line":120,"column":60}},"27":{"start":{"line":122,"column":19},"end":{"line":129,"column":6}},"28":{"start":{"line":131,"column":4},"end":{"line":131,"column":null}},"29":{"start":{"line":133,"column":4},"end":{"line":134,"column":null}},"30":{"start":{"line":134,"column":6},"end":{"line":134,"column":null}},"31":{"start":{"line":142,"column":19},"end":{"line":146,"column":6}},"32":{"start":{"line":145,"column":34},"end":{"line":145,"column":null}},"33":{"start":{"line":148,"column":4},"end":{"line":148,"column":null}},"34":{"start":{"line":149,"column":4},"end":{"line":149,"column":null}},"35":{"start":{"line":157,"column":6},"end":{"line":161,"column":null}},"36":{"start":{"line":163,"column":4},"end":{"line":164,"column":null}},"37":{"start":{"line":164,"column":6},"end":{"line":164,"column":null}},"38":{"start":{"line":167,"column":4},"end":{"line":167,"column":null}},"39":{"start":{"line":174,"column":4},"end":{"line":174,"column":null}},"40":{"start":{"line":174,"column":38},"end":{"line":174,"column":null}},"41":{"start":{"line":176,"column":19},"end":{"line":176,"column":58}},"42":{"start":{"line":177,"column":18},"end":{"line":178,"column":null}},"43":{"start":{"line":178,"column":13},"end":{"line":178,"column":null}},"44":{"start":{"line":181,"column":4},"end":{"line":181,"column":null}},"45":{"start":{"line":188,"column":4},"end":{"line":188,"column":null}},"46":{"start":{"line":189,"column":4},"end":{"line":190,"column":null}},"47":{"start":{"line":190,"column":6},"end":{"line":190,"column":null}},"48":{"start":{"line":199,"column":25},"end":{"line":199,"column":54}},"49":{"start":{"line":200,"column":23},"end":{"line":202,"column":null}},"50":{"start":{"line":204,"column":4},"end":{"line":204,"column":null}},"51":{"start":{"line":211,"column":4},"end":{"line":211,"column":null}},"52":{"start":{"line":213,"column":27},"end":{"line":213,"column":60}},"53":{"start":{"line":215,"column":19},"end":{"line":222,"column":6}},"54":{"start":{"line":224,"column":4},"end":{"line":224,"column":null}},"55":{"start":{"line":226,"column":4},"end":{"line":227,"column":null}},"56":{"start":{"line":227,"column":6},"end":{"line":227,"column":null}},"57":{"start":{"line":237,"column":25},"end":{"line":237,"column":40}},"58":{"start":{"line":238,"column":4},"end":{"line":238,"column":null}},"59":{"start":{"line":239,"column":4},"end":{"line":239,"column":null}},"60":{"start":{"line":243,"column":25},"end":{"line":243,"column":null}},"61":{"start":{"line":245,"column":27},"end":{"line":245,"column":71}},"62":{"start":{"line":245,"column":63},"end":{"line":245,"column":70}},"63":{"start":{"line":246,"column":25},"end":{"line":246,"column":80}},"64":{"start":{"line":246,"column":52},"end":{"line":246,"column":79}},"65":{"start":{"line":249,"column":4},"end":{"line":249,"column":null}},"66":{"start":{"line":252,"column":25},"end":{"line":252,"column":49}},"67":{"start":{"line":253,"column":4},"end":{"line":253,"column":null}},"68":{"start":{"line":255,"column":31},"end":{"line":255,"column":33}},"69":{"start":{"line":256,"column":4},"end":{"line":257,"column":null}},"70":{"start":{"line":257,"column":6},"end":{"line":257,"column":null}},"71":{"start":{"line":257,"column":54},"end":{"line":257,"column":63}},"72":{"start":{"line":260,"column":22},"end":{"line":260,"column":68}},"73":{"start":{"line":260,"column":50},"end":{"line":260,"column":57}},"74":{"start":{"line":261,"column":23},"end":{"line":261,"column":null}},"75":{"start":{"line":262,"column":4},"end":{"line":267,"column":null}},"76":{"start":{"line":277,"column":17},"end":{"line":277,"column":53}},"77":{"start":{"line":279,"column":4},"end":{"line":281,"column":null}},"78":{"start":{"line":280,"column":24},"end":{"line":280,"column":67}},"79":{"start":{"line":281,"column":6},"end":{"line":281,"column":null}},"80":{"start":{"line":284,"column":18},"end":{"line":284,"column":59}},"81":{"start":{"line":285,"column":4},"end":{"line":286,"column":null}},"82":{"start":{"line":286,"column":6},"end":{"line":286,"column":null}},"83":{"start":{"line":289,"column":4},"end":{"line":289,"column":null}},"84":{"start":{"line":290,"column":4},"end":{"line":290,"column":null}},"85":{"start":{"line":291,"column":4},"end":{"line":291,"column":null}},"86":{"start":{"line":292,"column":4},"end":{"line":292,"column":null}},"87":{"start":{"line":299,"column":4},"end":{"line":299,"column":null}},"88":{"start":{"line":306,"column":4},"end":{"line":306,"column":null}},"89":{"start":{"line":313,"column":4},"end":{"line":313,"column":null}},"90":{"start":{"line":322,"column":2},"end":{"line":355,"column":null}}},"fnMap":{"0":{"name":"(anonymous_0)","decl":{"start":{"line":71,"column":2},"end":{"line":71,"column":16}},"loc":{"start":{"line":71,"column":16},"end":{"line":75,"column":null}},"line":71},"1":{"name":"(anonymous_1)","decl":{"start":{"line":82,"column":8},"end":{"line":82,"column":30}},"loc":{"start":{"line":82,"column":30},"end":{"line":134,"column":null}},"line":82},"2":{"name":"(anonymous_2)","decl":{"start":{"line":141,"column":16},"end":{"line":141,"column":71}},"loc":{"start":{"line":141,"column":71},"end":{"line":149,"column":null}},"line":141},"3":{"name":"(anonymous_3)","decl":{"start":{"line":145,"column":6},"end":{"line":145,"column":34}},"loc":{"start":{"line":145,"column":34},"end":{"line":145,"column":null}},"line":145},"4":{"name":"(anonymous_4)","decl":{"start":{"line":155,"column":2},"end":{"line":155,"column":10}},"loc":{"start":{"line":155,"column":38},"end":{"line":167,"column":null}},"line":155},"5":{"name":"(anonymous_5)","decl":{"start":{"line":173,"column":2},"end":{"line":173,"column":35}},"loc":{"start":{"line":173,"column":35},"end":{"line":181,"column":null}},"line":173},"6":{"name":"(anonymous_6)","decl":{"start":{"line":177,"column":25},"end":{"line":177,"column":null}},"loc":{"start":{"line":178,"column":13},"end":{"line":178,"column":null}},"line":178},"7":{"name":"(anonymous_7)","decl":{"start":{"line":187,"column":2},"end":{"line":187,"column":13}},"loc":{"start":{"line":187,"column":47},"end":{"line":190,"column":null}},"line":187},"8":{"name":"(anonymous_8)","decl":{"start":{"line":198,"column":8},"end":{"line":198,"column":29}},"loc":{"start":{"line":198,"column":64},"end":{"line":204,"column":null}},"line":198},"9":{"name":"(anonymous_9)","decl":{"start":{"line":210,"column":8},"end":{"line":210,"column":38}},"loc":{"start":{"line":210,"column":38},"end":{"line":227,"column":null}},"line":210},"10":{"name":"(anonymous_10)","decl":{"start":{"line":236,"column":8},"end":{"line":236,"column":48}},"loc":{"start":{"line":236,"column":48},"end":{"line":267,"column":null}},"line":236},"11":{"name":"(anonymous_11)","decl":{"start":{"line":245,"column":52},"end":{"line":245,"column":57}},"loc":{"start":{"line":245,"column":63},"end":{"line":245,"column":70}},"line":245},"12":{"name":"(anonymous_12)","decl":{"start":{"line":246,"column":38},"end":{"line":246,"column":46}},"loc":{"start":{"line":246,"column":52},"end":{"line":246,"column":79}},"line":246},"13":{"name":"(anonymous_13)","decl":{"start":{"line":257,"column":43},"end":{"line":257,"column":48}},"loc":{"start":{"line":257,"column":54},"end":{"line":257,"column":63}},"line":257},"14":{"name":"(anonymous_14)","decl":{"start":{"line":260,"column":39},"end":{"line":260,"column":44}},"loc":{"start":{"line":260,"column":50},"end":{"line":260,"column":57}},"line":260},"15":{"name":"(anonymous_15)","decl":{"start":{"line":275,"column":8},"end":{"line":275,"column":20}},"loc":{"start":{"line":275,"column":56},"end":{"line":292,"column":null}},"line":275},"16":{"name":"(anonymous_16)","decl":{"start":{"line":298,"column":2},"end":{"line":298,"column":32}},"loc":{"start":{"line":298,"column":32},"end":{"line":299,"column":null}},"line":298},"17":{"name":"(anonymous_17)","decl":{"start":{"line":305,"column":2},"end":{"line":305,"column":33}},"loc":{"start":{"line":305,"column":33},"end":{"line":306,"column":null}},"line":305},"18":{"name":"(anonymous_18)","decl":{"start":{"line":312,"column":2},"end":{"line":312,"column":18}},"loc":{"start":{"line":312,"column":18},"end":{"line":313,"column":null}},"line":312},"19":{"name":"getDeepSeekProviderConfig","decl":{"start":{"line":321,"column":9},"end":{"line":321,"column":37}},"loc":{"start":{"line":321,"column":37},"end":{"line":355,"column":null}},"line":321}},"branchMap":{"0":{"loc":{"start":{"line":24,"column":18},"end":{"line":24,"column":85}},"type":"binary-expr","locations":[{"start":{"line":24,"column":18},"end":{"line":24,"column":41}},{"start":{"line":24,"column":30},"end":{"line":24,"column":85}}],"line":24},"1":{"loc":{"start":{"line":85,"column":4},"end":{"line":89,"column":null}},"type":"if","locations":[{"start":{"line":85,"column":4},"end":{"line":89,"column":null}},{"start":{},"end":{}}],"line":85},"2":{"loc":{"start":{"line":103,"column":4},"end":{"line":106,"column":null}},"type":"if","locations":[{"start":{"line":103,"column":4},"end":{"line":106,"column":null}},{"start":{},"end":{}}],"line":103},"3":{"loc":{"start":{"line":112,"column":4},"end":{"line":116,"column":null}},"type":"if","locations":[{"start":{"line":112,"column":4},"end":{"line":116,"column":null}},{"start":{},"end":{}}],"line":112},"4":{"loc":{"start":{"line":133,"column":4},"end":{"line":134,"column":null}},"type":"if","locations":[{"start":{"line":133,"column":4},"end":{"line":134,"column":null}},{"start":{},"end":{}}],"line":133},"5":{"loc":{"start":{"line":163,"column":4},"end":{"line":164,"column":null}},"type":"if","locations":[{"start":{"line":163,"column":4},"end":{"line":164,"column":null}},{"start":{},"end":{}}],"line":163},"6":{"loc":{"start":{"line":174,"column":4},"end":{"line":174,"column":null}},"type":"if","locations":[{"start":{"line":174,"column":4},"end":{"line":174,"column":null}},{"start":{},"end":{}}],"line":174},"7":{"loc":{"start":{"line":189,"column":4},"end":{"line":190,"column":null}},"type":"if","locations":[{"start":{"line":189,"column":4},"end":{"line":190,"column":null}},{"start":{},"end":{}}],"line":189},"8":{"loc":{"start":{"line":200,"column":23},"end":{"line":202,"column":null}},"type":"cond-expr","locations":[{"start":{"line":201,"column":8},"end":{"line":201,"column":null}},{"start":{"line":202,"column":8},"end":{"line":202,"column":null}}],"line":200},"9":{"loc":{"start":{"line":226,"column":4},"end":{"line":227,"column":null}},"type":"if","locations":[{"start":{"line":226,"column":4},"end":{"line":227,"column":null}},{"start":{},"end":{}}],"line":226},"10":{"loc":{"start":{"line":256,"column":4},"end":{"line":257,"column":null}},"type":"if","locations":[{"start":{"line":256,"column":4},"end":{"line":257,"column":null}},{"start":{},"end":{}}],"line":256},"11":{"loc":{"start":{"line":265,"column":7},"end":{"line":265,"column":null}},"type":"cond-expr","locations":[{"start":{"line":265,"column":37},"end":{"line":265,"column":57}},{"start":{"line":265,"column":57},"end":{"line":265,"column":null}}],"line":265},"12":{"loc":{"start":{"line":267,"column":7},"end":{"line":267,"column":null}},"type":"cond-expr","locations":[{"start":{"line":267,"column":29},"end":{"line":267,"column":69}},{"start":{"line":267,"column":69},"end":{"line":267,"column":null}}],"line":267},"13":{"loc":{"start":{"line":279,"column":4},"end":{"line":281,"column":null}},"type":"if","locations":[{"start":{"line":279,"column":4},"end":{"line":281,"column":null}},{"start":{},"end":{}}],"line":279},"14":{"loc":{"start":{"line":279,"column":8},"end":{"line":279,"column":60}},"type":"binary-expr","locations":[{"start":{"line":279,"column":8},"end":{"line":279,"column":37}},{"start":{"line":279,"column":37},"end":{"line":279,"column":60}}],"line":279},"15":{"loc":{"start":{"line":285,"column":4},"end":{"line":286,"column":null}},"type":"if","locations":[{"start":{"line":285,"column":4},"end":{"line":286,"column":null}},{"start":{},"end":{}}],"line":285}},"s":{"0":1,"1":1,"2":1,"3":24,"4":24,"5":24,"6":24,"7":24,"8":24,"9":24,"10":2,"11":2,"12":1,"13":1,"14":1,"15":1,"16":1,"17":1,"18":1,"19":1,"20":0,"21":0,"22":0,"23":1,"24":1,"25":0,"26":1,"27":1,"28":1,"29":1,"30":0,"31":1,"32":0,"33":1,"34":1,"35":4,"36":4,"37":1,"38":4,"39":4,"40":1,"41":3,"42":3,"43":503,"44":3,"45":2619,"46":2619,"47":2,"48":0,"49":0,"50":0,"51":0,"52":0,"53":0,"54":0,"55":0,"56":0,"57":4,"58":4,"59":4,"60":4,"61":4,"62":1,"63":4,"64":8,"65":4,"66":4,"67":4,"68":4,"69":4,"70":1,"71":1,"72":4,"73":1,"74":4,"75":4,"76":6,"77":6,"78":1,"79":1,"80":5,"81":5,"82":1,"83":4,"84":4,"85":4,"86":4,"87":2,"88":1,"89":0,"90":1},"f":{"0":24,"1":2,"2":1,"3":0,"4":4,"5":4,"6":503,"7":2619,"8":0,"9":0,"10":4,"11":1,"12":8,"13":1,"14":1,"15":6,"16":2,"17":1,"18":0,"19":1},"b":{"0":[1,0],"1":[1,1],"2":[0,1],"3":[0,1],"4":[0,1],"5":[1,3],"6":[1,3],"7":[2,2617],"8":[0,0],"9":[0,0],"10":[1,3],"11":[1,3],"12":[1,3],"13":[1,5],"14":[6,3],"15":[1,4]},"meta":{"lastBranch":16,"lastFunction":20,"lastStatement":91,"seen":{"s:22:0:22:Infinity":0,"s:24:18:24:85":1,"b:24:18:24:41:24:30:24:85":0,"s:25:6:25:37":2,"s:54:32:54:34":3,"s:63:34:63:36":4,"s:66:19:66:Infinity":5,"f:71:2:71:16":0,"s:72:4:72:Infinity":6,"s:73:4:73:Infinity":7,"s:74:4:74:Infinity":8,"s:75:4:75:Infinity":9,"f:82:8:82:30":1,"s:84:19:84:Infinity":10,"b:85:4:89:Infinity:undefined:undefined:undefined:undefined":1,"s:85:4:89:Infinity":11,"s:86:6:89:Infinity":12,"s:91:4:91:Infinity":13,"s:95:27:95:54":14,"s:96:4:96:Infinity":15,"s:99:25:99:40":16,"s:100:4:100:Infinity":17,"s:101:4:101:Infinity":18,"b:103:4:106:Infinity:undefined:undefined:undefined:undefined":2,"s:103:4:106:Infinity":19,"s:104:6:104:Infinity":20,"s:105:6:106:Infinity":21,"s:106:8:106:Infinity":22,"s:111:4:111:Infinity":23,"b:112:4:116:Infinity:undefined:undefined:undefined:undefined":3,"s:112:4:116:Infinity":24,"s:113:6:116:Infinity":25,"s:120:27:120:60":26,"s:122:19:129:6":27,"s:131:4:131:Infinity":28,"b:133:4:134:Infinity:undefined:undefined:undefined:undefined":4,"s:133:4:134:Infinity":29,"s:134:6:134:Infinity":30,"f:141:16:141:71":2,"s:142:19:146:6":31,"f:145:6:145:34":3,"s:145:34:145:Infinity":32,"s:148:4:148:Infinity":33,"s:149:4:149:Infinity":34,"f:155:2:155:10":4,"s:157:6:161:Infinity":35,"b:163:4:164:Infinity:undefined:undefined:undefined:undefined":5,"s:163:4:164:Infinity":36,"s:164:6:164:Infinity":37,"s:167:4:167:Infinity":38,"f:173:2:173:35":5,"b:174:4:174:Infinity:undefined:undefined:undefined:undefined":6,"s:174:4:174:Infinity":39,"s:174:38:174:Infinity":40,"s:176:19:176:58":41,"s:177:18:178:Infinity":42,"f:177:25:177:Infinity":6,"s:178:13:178:Infinity":43,"s:181:4:181:Infinity":44,"f:187:2:187:13":7,"s:188:4:188:Infinity":45,"b:189:4:190:Infinity:undefined:undefined:undefined:undefined":7,"s:189:4:190:Infinity":46,"s:190:6:190:Infinity":47,"f:198:8:198:29":8,"s:199:25:199:54":48,"s:200:23:202:Infinity":49,"b:201:8:201:Infinity:202:8:202:Infinity":8,"s:204:4:204:Infinity":50,"f:210:8:210:38":9,"s:211:4:211:Infinity":51,"s:213:27:213:60":52,"s:215:19:222:6":53,"s:224:4:224:Infinity":54,"b:226:4:227:Infinity:undefined:undefined:undefined:undefined":9,"s:226:4:227:Infinity":55,"s:227:6:227:Infinity":56,"f:236:8:236:48":10,"s:237:25:237:40":57,"s:238:4:238:Infinity":58,"s:239:4:239:Infinity":59,"s:243:25:243:Infinity":60,"s:245:27:245:71":61,"f:245:52:245:57":11,"s:245:63:245:70":62,"s:246:25:246:80":63,"f:246:38:246:46":12,"s:246:52:246:79":64,"s:249:4:249:Infinity":65,"s:252:25:252:49":66,"s:253:4:253:Infinity":67,"s:255:31:255:33":68,"b:256:4:257:Infinity:undefined:undefined:undefined:undefined":10,"s:256:4:257:Infinity":69,"s:257:6:257:Infinity":70,"f:257:43:257:48":13,"s:257:54:257:63":71,"s:260:22:260:68":72,"f:260:39:260:44":14,"s:260:50:260:57":73,"s:261:23:261:Infinity":74,"s:262:4:267:Infinity":75,"b:265:37:265:57:265:57:265:Infinity":11,"b:267:29:267:69:267:69:267:Infinity":12,"f:275:8:275:20":15,"s:277:17:277:53":76,"b:279:4:281:Infinity:undefined:undefined:undefined:undefined":13,"s:279:4:281:Infinity":77,"b:279:8:279:37:279:37:279:60":14,"s:280:24:280:67":78,"s:281:6:281:Infinity":79,"s:284:18:284:59":80,"b:285:4:286:Infinity:undefined:undefined:undefined:undefined":15,"s:285:4:286:Infinity":81,"s:286:6:286:Infinity":82,"s:289:4:289:Infinity":83,"s:290:4:290:Infinity":84,"s:291:4:291:Infinity":85,"s:292:4:292:Infinity":86,"f:298:2:298:32":16,"s:299:4:299:Infinity":87,"f:305:2:305:33":17,"s:306:4:306:Infinity":88,"f:312:2:312:18":18,"s:313:4:313:Infinity":89,"f:321:9:321:37":19,"s:322:2:355:Infinity":90}}}
,"/home/nawarian/projects/baikal-home-assist/src/loader.ts": {"path":"/home/nawarian/projects/baikal-home-assist/src/loader.ts","statementMap":{"0":{"start":{"line":21,"column":6},"end":{"line":21,"column":64}},"1":{"start":{"line":28,"column":8},"end":{"line":28,"column":42}},"2":{"start":{"line":29,"column":27},"end":{"line":29,"column":29}},"3":{"start":{"line":30,"column":34},"end":{"line":30,"column":36}},"4":{"start":{"line":32,"column":2},"end":{"line":33,"column":null}},"5":{"start":{"line":33,"column":4},"end":{"line":33,"column":null}},"6":{"start":{"line":36,"column":8},"end":{"line":36,"column":64}},"7":{"start":{"line":38,"column":2},"end":{"line":59,"column":null}},"8":{"start":{"line":39,"column":4},"end":{"line":39,"column":null}},"9":{"start":{"line":39,"column":29},"end":{"line":39,"column":null}},"10":{"start":{"line":40,"column":4},"end":{"line":40,"column":null}},"11":{"start":{"line":40,"column":68},"end":{"line":40,"column":null}},"12":{"start":{"line":41,"column":4},"end":{"line":41,"column":null}},"13":{"start":{"line":41,"column":36},"end":{"line":41,"column":null}},"14":{"start":{"line":43,"column":10},"end":{"line":43,"column":47}},"15":{"start":{"line":44,"column":4},"end":{"line":59,"column":null}},"16":{"start":{"line":45,"column":18},"end":{"line":45,"column":null}},"17":{"start":{"line":47,"column":6},"end":{"line":54,"column":null}},"18":{"start":{"line":49,"column":8},"end":{"line":49,"column":null}},"19":{"start":{"line":50,"column":17},"end":{"line":54,"column":null}},"20":{"start":{"line":52,"column":23},"end":{"line":52,"column":36}},"21":{"start":{"line":53,"column":8},"end":{"line":54,"column":null}},"22":{"start":{"line":54,"column":10},"end":{"line":54,"column":null}},"23":{"start":{"line":58,"column":22},"end":{"line":58,"column":70}},"24":{"start":{"line":59,"column":6},"end":{"line":59,"column":null}},"25":{"start":{"line":63,"column":2},"end":{"line":63,"column":null}},"26":{"start":{"line":71,"column":8},"end":{"line":71,"column":44}},"27":{"start":{"line":72,"column":27},"end":{"line":72,"column":29}},"28":{"start":{"line":73,"column":44},"end":{"line":73,"column":46}},"29":{"start":{"line":75,"column":2},"end":{"line":76,"column":null}},"30":{"start":{"line":76,"column":4},"end":{"line":76,"column":null}},"31":{"start":{"line":79,"column":8},"end":{"line":79,"column":65}},"32":{"start":{"line":81,"column":2},"end":{"line":92,"column":null}},"33":{"start":{"line":82,"column":4},"end":{"line":82,"column":null}},"34":{"start":{"line":82,"column":29},"end":{"line":82,"column":null}},"35":{"start":{"line":83,"column":4},"end":{"line":83,"column":null}},"36":{"start":{"line":83,"column":37},"end":{"line":83,"column":null}},"37":{"start":{"line":84,"column":4},"end":{"line":84,"column":null}},"38":{"start":{"line":84,"column":36},"end":{"line":84,"column":null}},"39":{"start":{"line":86,"column":10},"end":{"line":86,"column":48}},"40":{"start":{"line":87,"column":4},"end":{"line":92,"column":null}},"41":{"start":{"line":88,"column":12},"end":{"line":88,"column":53}},"42":{"start":{"line":89,"column":6},"end":{"line":89,"column":null}},"43":{"start":{"line":91,"column":22},"end":{"line":91,"column":70}},"44":{"start":{"line":92,"column":6},"end":{"line":92,"column":null}},"45":{"start":{"line":96,"column":19},"end":{"line":96,"column":63}},"46":{"start":{"line":98,"column":2},"end":{"line":98,"column":null}},"47":{"start":{"line":105,"column":40},"end":{"line":105,"column":57}},"48":{"start":{"line":106,"column":63},"end":{"line":106,"column":75}},"49":{"start":{"line":108,"column":2},"end":{"line":113,"column":null}}},"fnMap":{"0":{"name":"loadTools","decl":{"start":{"line":27,"column":22},"end":{"line":27,"column":90}},"loc":{"start":{"line":27,"column":90},"end":{"line":63,"column":null}},"line":27},"1":{"name":"loadSkills","decl":{"start":{"line":70,"column":16},"end":{"line":70,"column":104}},"loc":{"start":{"line":70,"column":104},"end":{"line":98,"column":null}},"line":70},"2":{"name":"loadAll","decl":{"start":{"line":104,"column":22},"end":{"line":104,"column":55}},"loc":{"start":{"line":104,"column":55},"end":{"line":113,"column":null}},"line":104}},"branchMap":{"0":{"loc":{"start":{"line":21,"column":25},"end":{"line":21,"column":59}},"type":"binary-expr","locations":[{"start":{"line":21,"column":25},"end":{"line":21,"column":48}},{"start":{"line":21,"column":48},"end":{"line":21,"column":59}}],"line":21},"1":{"loc":{"start":{"line":32,"column":2},"end":{"line":33,"column":null}},"type":"if","locations":[{"start":{"line":32,"column":2},"end":{"line":33,"column":null}},{"start":{},"end":{}}],"line":32},"2":{"loc":{"start":{"line":39,"column":4},"end":{"line":39,"column":null}},"type":"if","locations":[{"start":{"line":39,"column":4},"end":{"line":39,"column":null}},{"start":{},"end":{}}],"line":39},"3":{"loc":{"start":{"line":40,"column":4},"end":{"line":40,"column":null}},"type":"if","locations":[{"start":{"line":40,"column":4},"end":{"line":40,"column":null}},{"start":{},"end":{}}],"line":40},"4":{"loc":{"start":{"line":40,"column":8},"end":{"line":40,"column":66}},"type":"binary-expr","locations":[{"start":{"line":40,"column":8},"end":{"line":40,"column":35}},{"start":{"line":40,"column":39},"end":{"line":40,"column":66}}],"line":40},"5":{"loc":{"start":{"line":41,"column":4},"end":{"line":41,"column":null}},"type":"if","locations":[{"start":{"line":41,"column":4},"end":{"line":41,"column":null}},{"start":{},"end":{}}],"line":41},"6":{"loc":{"start":{"line":47,"column":6},"end":{"line":54,"column":null}},"type":"if","locations":[{"start":{"line":47,"column":6},"end":{"line":54,"column":null}},{"start":{"line":50,"column":17},"end":{"line":54,"column":null}}],"line":47},"7":{"loc":{"start":{"line":47,"column":10},"end":{"line":47,"column":83}},"type":"binary-expr","locations":[{"start":{"line":47,"column":10},"end":{"line":47,"column":25}},{"start":{"line":47,"column":25},"end":{"line":47,"column":60}},{"start":{"line":47,"column":60},"end":{"line":47,"column":83}}],"line":47},"8":{"loc":{"start":{"line":50,"column":17},"end":{"line":54,"column":null}},"type":"if","locations":[{"start":{"line":50,"column":17},"end":{"line":54,"column":null}},{"start":{},"end":{}}],"line":50},"9":{"loc":{"start":{"line":53,"column":8},"end":{"line":54,"column":null}},"type":"if","locations":[{"start":{"line":53,"column":8},"end":{"line":54,"column":null}},{"start":{},"end":{}}],"line":53},"10":{"loc":{"start":{"line":53,"column":12},"end":{"line":53,"column":70}},"type":"binary-expr","locations":[{"start":{"line":53,"column":12},"end":{"line":53,"column":22}},{"start":{"line":53,"column":22},"end":{"line":53,"column":52}},{"start":{"line":53,"column":52},"end":{"line":53,"column":70}}],"line":53},"11":{"loc":{"start":{"line":58,"column":22},"end":{"line":58,"column":70}},"type":"cond-expr","locations":[{"start":{"line":58,"column":45},"end":{"line":58,"column":59}},{"start":{"line":58,"column":59},"end":{"line":58,"column":70}}],"line":58},"12":{"loc":{"start":{"line":75,"column":2},"end":{"line":76,"column":null}},"type":"if","locations":[{"start":{"line":75,"column":2},"end":{"line":76,"column":null}},{"start":{},"end":{}}],"line":75},"13":{"loc":{"start":{"line":82,"column":4},"end":{"line":82,"column":null}},"type":"if","locations":[{"start":{"line":82,"column":4},"end":{"line":82,"column":null}},{"start":{},"end":{}}],"line":82},"14":{"loc":{"start":{"line":83,"column":4},"end":{"line":83,"column":null}},"type":"if","locations":[{"start":{"line":83,"column":4},"end":{"line":83,"column":null}},{"start":{},"end":{}}],"line":83},"15":{"loc":{"start":{"line":84,"column":4},"end":{"line":84,"column":null}},"type":"if","locations":[{"start":{"line":84,"column":4},"end":{"line":84,"column":null}},{"start":{},"end":{}}],"line":84},"16":{"loc":{"start":{"line":91,"column":22},"end":{"line":91,"column":70}},"type":"cond-expr","locations":[{"start":{"line":91,"column":45},"end":{"line":91,"column":59}},{"start":{"line":91,"column":59},"end":{"line":91,"column":70}}],"line":91}},"s":{"0":2,"1":4,"2":4,"3":4,"4":4,"5":0,"6":4,"7":4,"8":4,"9":0,"10":4,"11":4,"12":0,"13":0,"14":0,"15":0,"16":0,"17":0,"18":0,"19":0,"20":0,"21":0,"22":0,"23":0,"24":0,"25":4,"26":4,"27":4,"28":4,"29":4,"30":0,"31":4,"32":4,"33":4,"34":0,"35":4,"36":4,"37":0,"38":0,"39":0,"40":0,"41":0,"42":0,"43":0,"44":0,"45":4,"46":4,"47":3,"48":3,"49":3},"f":{"0":4,"1":4,"2":3},"b":{"0":[2,0],"1":[0,4],"2":[0,4],"3":[4,0],"4":[4,4],"5":[0,0],"6":[0,0],"7":[0,0,0],"8":[0,0],"9":[0,0],"10":[0,0,0],"11":[0,0],"12":[0,4],"13":[0,4],"14":[4,0],"15":[0,0],"16":[0,0]},"meta":{"lastBranch":17,"lastFunction":3,"lastStatement":50,"seen":{"s:21:6:21:64":0,"b:21:25:21:48:21:48:21:59":0,"f:27:22:27:90":0,"s:28:8:28:42":1,"s:29:27:29:29":2,"s:30:34:30:36":3,"b:32:2:33:Infinity:undefined:undefined:undefined:undefined":1,"s:32:2:33:Infinity":4,"s:33:4:33:Infinity":5,"s:36:8:36:64":6,"s:38:2:59:Infinity":7,"b:39:4:39:Infinity:undefined:undefined:undefined:undefined":2,"s:39:4:39:Infinity":8,"s:39:29:39:Infinity":9,"b:40:4:40:Infinity:undefined:undefined:undefined:undefined":3,"s:40:4:40:Infinity":10,"b:40:8:40:35:40:39:40:66":4,"s:40:68:40:Infinity":11,"b:41:4:41:Infinity:undefined:undefined:undefined:undefined":5,"s:41:4:41:Infinity":12,"s:41:36:41:Infinity":13,"s:43:10:43:47":14,"s:44:4:59:Infinity":15,"s:45:18:45:Infinity":16,"b:47:6:54:Infinity:50:17:54:Infinity":6,"s:47:6:54:Infinity":17,"b:47:10:47:25:47:25:47:60:47:60:47:83":7,"s:49:8:49:Infinity":18,"b:50:17:54:Infinity:undefined:undefined:undefined:undefined":8,"s:50:17:54:Infinity":19,"s:52:23:52:36":20,"b:53:8:54:Infinity:undefined:undefined:undefined:undefined":9,"s:53:8:54:Infinity":21,"b:53:12:53:22:53:22:53:52:53:52:53:70":10,"s:54:10:54:Infinity":22,"s:58:22:58:70":23,"b:58:45:58:59:58:59:58:70":11,"s:59:6:59:Infinity":24,"s:63:2:63:Infinity":25,"f:70:16:70:104":1,"s:71:8:71:44":26,"s:72:27:72:29":27,"s:73:44:73:46":28,"b:75:2:76:Infinity:undefined:undefined:undefined:undefined":12,"s:75:2:76:Infinity":29,"s:76:4:76:Infinity":30,"s:79:8:79:65":31,"s:81:2:92:Infinity":32,"b:82:4:82:Infinity:undefined:undefined:undefined:undefined":13,"s:82:4:82:Infinity":33,"s:82:29:82:Infinity":34,"b:83:4:83:Infinity:undefined:undefined:undefined:undefined":14,"s:83:4:83:Infinity":35,"s:83:37:83:Infinity":36,"b:84:4:84:Infinity:undefined:undefined:undefined:undefined":15,"s:84:4:84:Infinity":37,"s:84:36:84:Infinity":38,"s:86:10:86:48":39,"s:87:4:92:Infinity":40,"s:88:12:88:53":41,"s:89:6:89:Infinity":42,"s:91:22:91:70":43,"b:91:45:91:59:91:59:91:70":16,"s:92:6:92:Infinity":44,"s:96:19:96:63":45,"s:98:2:98:Infinity":46,"f:104:22:104:55":2,"s:105:40:105:57":47,"s:106:63:106:75":48,"s:108:2:113:Infinity":49}}}
}
